[30-Jun-2025 17:45:32 UTC] PHP Warning:  include(classes/ToolManager.php): Failed to open stream: No such file or directory in C:\xampp1\htdocs\seo_tool\config.php on line 50
[30-Jun-2025 17:45:32 UTC] PHP Warning:  include(): Failed opening 'classes/ToolManager.php' for inclusion (include_path='C:\xampp1\php\PEAR') in C:\xampp1\htdocs\seo_tool\config.php on line 50
[30-Jun-2025 17:45:32 UTC] PHP Fatal error:  Uncaught Error: Class "ToolManager" not found in C:\xampp1\htdocs\seo_tool\dashboard.php:10
Stack trace:
#0 {main}
  thrown in C:\xampp1\htdocs\seo_tool\dashboard.php on line 10
[30-Jun-2025 17:45:48 UTC] PHP Warning:  include(classes/ToolManager.php): Failed to open stream: No such file or directory in C:\xampp1\htdocs\seo_tool\config.php on line 50
[30-Jun-2025 17:45:48 UTC] PHP Warning:  include(): Failed opening 'classes/ToolManager.php' for inclusion (include_path='C:\xampp1\php\PEAR') in C:\xampp1\htdocs\seo_tool\config.php on line 50
[30-Jun-2025 17:45:48 UTC] PHP Fatal error:  Uncaught Error: Class "ToolManager" not found in C:\xampp1\htdocs\seo_tool\dashboard.php:10
Stack trace:
#0 {main}
  thrown in C:\xampp1\htdocs\seo_tool\dashboard.php on line 10
[30-Jun-2025 17:45:54 UTC] PHP Warning:  include(classes/ToolManager.php): Failed to open stream: No such file or directory in C:\xampp1\htdocs\seo_tool\config.php on line 50
[30-Jun-2025 17:45:54 UTC] PHP Warning:  include(): Failed opening 'classes/ToolManager.php' for inclusion (include_path='C:\xampp1\php\PEAR') in C:\xampp1\htdocs\seo_tool\config.php on line 50
[30-Jun-2025 17:45:54 UTC] PHP Fatal error:  Uncaught Error: Class "ToolManager" not found in C:\xampp1\htdocs\seo_tool\dashboard.php:10
Stack trace:
#0 {main}
  thrown in C:\xampp1\htdocs\seo_tool\dashboard.php on line 10
[30-Jun-2025 17:46:41 UTC] PHP Warning:  include(classes/ToolManager.php): Failed to open stream: No such file or directory in C:\xampp1\htdocs\seo_tool\config.php on line 50
[30-Jun-2025 17:46:41 UTC] PHP Warning:  include(): Failed opening 'classes/ToolManager.php' for inclusion (include_path='C:\xampp1\php\PEAR') in C:\xampp1\htdocs\seo_tool\config.php on line 50
[30-Jun-2025 17:46:41 UTC] PHP Fatal error:  Uncaught Error: Class "ToolManager" not found in C:\xampp1\htdocs\seo_tool\dashboard.php:10
Stack trace:
#0 {main}
  thrown in C:\xampp1\htdocs\seo_tool\dashboard.php on line 10
[30-Jun-2025 17:50:42 UTC] PHP Fatal error:  Uncaught Error: Call to private method ToolManager::getCurrentUser() from global scope in C:\xampp1\htdocs\seo_tool\dashboard.php:11
Stack trace:
#0 {main}
  thrown in C:\xampp1\htdocs\seo_tool\dashboard.php on line 11
[30-Jun-2025 17:51:18 UTC] PHP Warning:  Trying to access array offset on value of type bool in C:\xampp1\htdocs\seo_tool\dashboard.php on line 72
[30-Jun-2025 17:51:30 UTC] PHP Warning:  Trying to access array offset on value of type bool in C:\xampp1\htdocs\seo_tool\dashboard.php on line 72
[30-Jun-2025 17:51:33 UTC] PHP Warning:  Trying to access array offset on value of type bool in C:\xampp1\htdocs\seo_tool\dashboard.php on line 72
[30-Jun-2025 17:51:42 UTC] PHP Warning:  Trying to access array offset on value of type bool in C:\xampp1\htdocs\seo_tool\dashboard.php on line 72
